
Logfile opened on Sun Apr 16 17:03:37 2017

Sun Apr 16 17:03:37 2017 - Admin 0 with 100 power kicked player: RebelXX^7 guid: 6eb820eda9d919afa06e9546b445d4f9 with the following reason: The admin has no reason given
Mon Apr 17 10:02:31 2017 - Admin 0 with 100 power kicked player: Dan^7 guid: 92a4c1203a481dec60d1b011a00f5e5c with the following reason: The admin has no reason given
Wed Apr 19 07:48:21 2017 - Admin 0 with 100 power kicked player: Dan^7 guid: 92a4c1203a481dec60d1b011a00f5e5c with the following reason: The admin has no reason given
Sat Apr 22 17:21:07 2017 - Admin 0 with 100 power kicked player: SKR^7 guid: 401d1a1326d3972828f323e89cb9e561 with the following reason: The admin has no reason given
Sat Apr 22 17:21:21 2017 - Admin 0 with 100 power kicked player: gst^7 guid: 401d1a1326d3972828f323e89cb9e561 with the following reason: The admin has no reason given
Sat Apr 22 17:24:59 2017 - Admin 0 with 100 power kicked player: |LeOnarDo||||^7 guid: b0eb9fef0f1d5a8e7e8468467b69d00b with the following reason: The admin has no reason given
Sat Apr 22 17:37:14 2017 - Admin 0 with 100 power kicked player: pagzi^7 guid: 59949606944f21e5714c3a20301e7cbb with the following reason: The admin has no reason given
Sun Apr 23 14:17:17 2017 - Admin 0 with 100 power kicked player: MURDER^7 guid: c8d72b76b34349347ab650f611c35667 with the following reason: The admin has no reason given
Sun Apr 23 14:50:22 2017 - Admin 0 with 100 power kicked player: noob^7 guid: d3ccc66f7b1bf9e77faead1d50a15a0a with the following reason: The admin has no reason given
Sun Apr 23 14:53:54 2017 - Admin 0 with 100 power kicked player: MURDER^7 guid: c8d72b76b34349347ab650f611c35667 with the following reason: The admin has no reason given
Sun Apr 23 15:24:34 2017 - Admin 0 with 100 power kicked player: ^4[^3Jayyz^4]^7 guid: dc3de46d728013f45db68f768b8b0ad3 with the following reason: The admin has no reason given
Sun Apr 23 15:30:43 2017 - Admin 0 with 100 power kicked player: I$ZEE^7 guid: fad6b536ff09d3ead9bd886503b8a071 with the following reason: The admin has no reason given
Sun Apr 23 15:41:11 2017 - Admin 0 with 100 power kicked player: Draco^7 guid: 401d1a1326d3972828f323e89cb9e561 with the following reason: The admin has no reason given
Sun Apr 23 15:55:14 2017 - Admin 0 with 100 power kicked player: @X|U mAd Bro?^7 guid: e7243a374a146967cd59e96bdfe0679c with the following reason: bro 
Mon Apr 24 15:01:05 2017 - Admin 0 with 100 power kicked player: van^7 guid: 89d0489c46b1d170fcea01807b71cdda with the following reason: The admin has no reason given
Mon Apr 24 16:27:01 2017 - Admin 0 with 100 power kicked player: @X|U mAd Bro?^7 guid: e7243a374a146967cd59e96bdfe0679c with the following reason: bro 

Logfile opened on Mon Apr 24 17:36:50 2017

Mon Apr 24 17:36:50 2017 - Admin 0 with 100 power kicked player: SANDUN^7 guid: 3db2e881958e09312032fe7bbd3c9f27 with the following reason: The admin has no reason given
Tue Apr 25 16:09:44 2017 - Admin 0 with 100 power kicked player: [KR]Draco^7 guid: 401d1a1326d3972828f323e89cb9e561 with the following reason: The admin has no reason given
Tue Apr 25 16:11:05 2017 - Admin 0 with 100 power kicked player: [KR] RebelXX^7 guid: 6eb820eda9d919afa06e9546b445d4f9 with the following reason: The admin has no reason given
Wed Apr 26 09:30:53 2017 - Admin 0 with 100 power kicked player: SASA^7 guid: 401d1a1326d3972828f323e89cb9e561 with the following reason: The admin has no reason given
Wed Apr 26 09:32:41 2017 - Admin 0 with 100 power kicked player: Tipa^7 guid: 0e232bd04734eddc7de94280f9f9bd47 with the following reason: The admin has no reason given
Wed Apr 26 16:29:36 2017 - Admin 0 with 100 power kicked player: [ZN]SilentKille^7 guid: 0b6a5a7f553c1219b0786fec239d7ff4 with the following reason: The admin has no reason given
Wed Apr 26 16:36:18 2017 - Admin 0 with 100 power kicked player: [KR]Draco^7 guid: 401d1a1326d3972828f323e89cb9e561 with the following reason: The admin has no reason given
Wed Apr 26 16:40:27 2017 - Admin 0 with 100 power kicked player: dega^7 guid: c6656bd8d35c7f117ae8d8fab2980948 with the following reason: The admin has no reason given
Wed Apr 26 16:50:04 2017 - Admin 0 with 100 power kicked player: [KR] ^4[^3Jayyz^4]^7 guid: dc3de46d728013f45db68f768b8b0ad3 with the following reason: The admin has no reason given
Wed Apr 26 16:50:09 2017 - Admin 0 with 100 power kicked player: [KR] Kiss My Ass^7 guid: d3ccc66f7b1bf9e77faead1d50a15a0a with the following reason: The admin has no reason given
Thu Apr 27 17:33:57 2017 - Admin 0 with 100 power kicked player: Pancha27^7 guid: 77489b99a184110c9b55af134d00dfdd with the following reason: The admin has no reason given
Thu Apr 27 17:38:07 2017 - Admin 0 with 100 power kicked player: [KR]Draco^7 guid: 401d1a1326d3972828f323e89cb9e561 with the following reason: The admin has no reason given
Fri Apr 28 07:29:28 2017 - Admin 0 with 100 power kicked player: [ZN]Smirn_Off^7 guid: 050ba38a7f7ee8387b7a5e724b4554ff with the following reason: The admin has no reason given
Fri Apr 28 16:37:21 2017 - Admin 0 with 100 power kicked player: Dulk^7 guid: 4c292b83bcae0a8716dd1ec0961df5b3 with the following reason: The admin has no reason given
Fri Apr 28 17:02:55 2017 - Admin 0 with 100 power kicked player: Dan^7 guid: 92a4c1203a481dec60d1b011a00f5e5c with the following reason: The admin has no reason given
Fri Apr 28 17:04:47 2017 - Admin 0 with 100 power kicked player: SKR^7 guid: 401d1a1326d3972828f323e89cb9e561 with the following reason: The admin has no reason given
Fri Apr 28 17:05:28 2017 - Admin 0 with 100 power kicked player: [ZN]SilentKille^7 guid: 0b6a5a7f553c1219b0786fec239d7ff4 with the following reason: The admin has no reason given
Fri Apr 28 17:23:34 2017 - Admin 0 with 100 power kicked player: Dan^7 guid: 92a4c1203a481dec60d1b011a00f5e5c with the following reason: The admin has no reason given
Sat Apr 29 16:32:16 2017 - Admin 0 with 100 power kicked player: [ZN]MURDER^7 guid: c8d72b76b34349347ab650f611c35667 with the following reason: The admin has no reason given
Sat Apr 29 17:30:53 2017 - Admin 0 with 100 power kicked player: Kasidy^7 guid: 1600912af962e9c9892a0399660b2979 with the following reason: The admin has no reason given
Sat Apr 29 17:31:18 2017 - Admin 0 with 100 power kicked player: [TZ]Akuma 1Y^7 guid: 98de405928d65d9905e108c8fac88b10 with the following reason: The admin has no reason given
Sat Apr 29 17:38:44 2017 - Admin 0 with 100 power kicked player: [TZ]Akuma 1Y^7 guid: 98de405928d65d9905e108c8fac88b10 with the following reason: The admin has no reason given
Sat Apr 29 18:19:52 2017 - Admin 0 with 100 power kicked player: UD_the_noob^7 guid: 3dea3d63487f44e23db4fe9e05827dab with the following reason: The admin has no reason given
Sat Apr 29 18:38:52 2017 - Admin 0 with 100 power kicked player: [ZN]SilentKille^7 guid: 0b6a5a7f553c1219b0786fec239d7ff4 with the following reason: The admin has no reason given
Mon May  1 17:33:53 2017 - Admin 0 with 100 power kicked player: [KR]Draco^7 guid: 401d1a1326d3972828f323e89cb9e561 with the following reason: The admin has no reason given
Mon May  1 17:54:52 2017 - Admin 0 with 100 power kicked player: kariya^7 guid: 89d0489c46b1d170fcea01807b71cdda with the following reason: The admin has no reason given
Mon May  1 18:37:29 2017 - Admin 0 with 100 power kicked player: RP | WAB^7 guid: 632170b70ef7fc37ade51fb48592364a with the following reason: The admin has no reason given
Mon May  1 18:37:35 2017 - Admin 0 with 100 power kicked player: @X|U mAd Bro?^7 guid: e7243a374a146967cd59e96bdfe0679c with the following reason: The admin has no reason given
Tue May  2 16:01:12 2017 - Admin 0 with 100 power kicked player: [ZN]MURDER^7 guid: c8d72b76b34349347ab650f611c35667 with the following reason: The admin has no reason given
Tue May  2 16:07:26 2017 - Admin 0 with 100 power kicked player: slash^7 guid: f37cc145b840ace207a54ee6492ea5ef with the following reason: The admin has no reason given
Tue May  2 16:54:31 2017 - Admin 0 with 100 power kicked player: Roach^7 guid: ae6319c8746274cfff6e83747b08d3d7 with the following reason: The admin has no reason given
Tue May  2 16:56:52 2017 - Admin 0 with 100 power kicked player: BOSS^7 guid: 401d1a1326d3972828f323e89cb9e561 with the following reason: The admin has no reason given
Tue May  2 16:57:46 2017 - Admin 0 with 100 power kicked player: BOSS^7 guid: 401d1a1326d3972828f323e89cb9e561 with the following reason: The admin has no reason given
Tue May  2 17:00:46 2017 - Admin 0 with 100 power kicked player: 4p3x_5vd^7 guid: d3ccc66f7b1bf9e77faead1d50a15a0a with the following reason: The admin has no reason given
Tue May  2 18:01:25 2017 - Admin 0 with 100 power kicked player: [KR] RebelXX^7 guid: 6eb820eda9d919afa06e9546b445d4f9 with the following reason: The admin has no reason given
Wed May  3 16:08:35 2017 - Admin 0 with 100 power kicked player: [ZN]Smirn_Off^7 guid: 050ba38a7f7ee8387b7a5e724b4554ff with the following reason: The admin has no reason given
Thu May  4 16:44:02 2017 - Admin 0 with 100 power kicked player: RP | slash^7 guid: f37cc145b840ace207a54ee6492ea5ef with the following reason: The admin has no reason given
Thu May  4 17:30:55 2017 - Admin 0 with 100 power kicked player: RP | van^7 guid: 89d0489c46b1d170fcea01807b71cdda with the following reason: The admin has no reason given
Thu May  4 17:31:33 2017 - Admin 0 with 100 power kicked player: RP | slash^7 guid: f37cc145b840ace207a54ee6492ea5ef with the following reason: The admin has no reason given
Thu May 11 18:46:21 2017 - Admin 0 with 100 power kicked player: [ZN]SilentKille^7 guid: 0b6a5a7f553c1219b0786fec239d7ff4 with the following reason: The admin has no reason given
Fri May 12 16:21:36 2017 - Admin 0 with 100 power kicked player: Pancha27^7 guid: 77489b99a184110c9b55af134d00dfdd with the following reason: The admin has no reason given
Fri May 12 16:21:47 2017 - Admin 0 with 100 power kicked player: noob^7 guid: d3ccc66f7b1bf9e77faead1d50a15a0a with the following reason: The admin has no reason given
Fri May 12 16:57:08 2017 - Admin 0 with 100 power kicked player: Pancha27^7 guid: 77489b99a184110c9b55af134d00dfdd with the following reason: The admin has no reason given
Sat May 13 16:05:48 2017 - Admin 0 with 100 power kicked player: slash^7 guid: f37cc145b840ace207a54ee6492ea5ef with the following reason: The admin has no reason given
Fri May 19 18:58:12 2017 - Admin 0 with 100 power kicked player: Insane^7 guid: 18fa96ccf08d79ba0c3c9f651b444e0b with the following reason: The admin has no reason given
Fri May 19 18:58:17 2017 - Admin 0 with 100 power kicked player: Crypt^7 guid: ec0027e955439532e1c98b2e1a51e7b3 with the following reason: The admin has no reason given
Sat May 20 16:45:33 2017 - Admin 0 with 100 power kicked player: Insane^7 guid: 18fa96ccf08d79ba0c3c9f651b444e0b with the following reason: The admin has no reason given
Sat May 20 17:52:48 2017 - Admin 0 with 100 power kicked player: [KR] Draco^7 guid: 401d1a1326d3972828f323e89cb9e561 with the following reason: The admin has no reason given
Sat May 20 18:01:02 2017 - Admin 0 with 100 power kicked player: picaso^7 guid: abb2a01e439d716711effd5226fa4c82 with the following reason: The admin has no reason given
Sun May 21 17:52:23 2017 - Admin 0 with 100 power kicked player: SKR^7 guid: 401d1a1326d3972828f323e89cb9e561 with the following reason: The admin has no reason given
Mon May 22 16:48:29 2017 - Admin 0 with 100 power kicked player: RP | slash^7 guid: d3ccc66f7b1bf9e77faead1d50a15a0a with the following reason: The admin has no reason given
Mon May 22 16:51:11 2017 - Admin 0 with 100 power kicked player: RP | slash^7 guid: d3ccc66f7b1bf9e77faead1d50a15a0a with the following reason: The admin has no reason given
Sat May 27 18:09:52 2017 - Admin 0 with 100 power kicked player: [GS] 4p3x_5vd^7 guid: d3ccc66f7b1bf9e77faead1d50a15a0a with the following reason: The admin has no reason given
Mon May 29 16:18:59 2017 - Admin 0 with 100 power kicked player: p/-paya^7 guid: 8b1186dc5f1ebe3fa5eb2463f44e9649 with the following reason: The admin has no reason given
Wed May 31 16:56:55 2017 - Admin 0 with 100 power kicked player: [KR] Draco^7 guid: 401d1a1326d3972828f323e89cb9e561 with the following reason: The admin has no reason given
Wed May 31 17:06:37 2017 - Admin 0 with 100 power kicked player: [KR] RebelXX^7 guid: 6eb820eda9d919afa06e9546b445d4f9 with the following reason: The admin has no reason given
Wed May 31 18:06:26 2017 - Admin 0 with 100 power kicked player: [NP]Araa^7 guid: 166f329ffb7088e569a52d2361e75e00 with the following reason: The admin has no reason given
Wed May 31 18:34:46 2017 - Admin 0 with 100 power kicked player: h3llo^7 guid: ec0027e955439532e1c98b2e1a51e7b3 with the following reason: The admin has no reason given
Thu Jun  1 15:37:26 2017 - Admin 0 with 100 power kicked player: [KR] Draco^7 guid: 401d1a1326d3972828f323e89cb9e561 with the following reason: The admin has no reason given
Fri Jun  2 16:34:58 2017 - Admin 0 with 100 power kicked player: Pancha27^7 guid: 52dc5696c7e39bfe6d6b2c0f4db373a5 with the following reason: The admin has no reason given
